Loading model from: ../data/gguf/yolo26n.gguf
GGUF version: 3
Number of tensors: 708
Number of KV pairs: 3

Key-Value Pairs:
  0: general.architecture
  1: general.name
  2: general.description

Tensors:
  0: model.0.conv.weight  [    3,     3,     3,    16] type=f16
  1: model.0.bn.weight    [   16,     1,     1,     1] type=f16
  2: model.0.bn.bias      [   16,     1,     1,     1] type=f16
  3: model.0.bn.running_mean [   16,     1,     1,     1] type=f16
  4: model.0.bn.running_var [   16,     1,     1,     1] type=f16
  5: model.0.bn.num_batches_tracked [    1,     1,     1,     1] type=i64
  6: model.1.conv.weight  [    3,     3,    16,    32] type=f16
  7: model.1.bn.weight    [   32,     1,     1,     1] type=f16
  8: model.1.bn.bias      [   32,     1,     1,     1] type=f16
  9: model.1.bn.running_mean [   32,     1,     1,     1] type=f16
  10: model.1.bn.running_var [   32,     1,     1,     1] type=f16
  11: model.1.bn.num_batches_tracked [    1,     1,     1,     1] type=i64
  12: model.2.cv1.conv.weight [    1,     1,    32,    32] type=f16
  13: model.2.cv1.bn.weight [   32,     1,     1,     1] type=f16
  14: model.2.cv1.bn.bias  [   32,     1,     1,     1] type=f16
  15: model.2.cv1.bn.running_mean [   32,     1,     1,     1] type=f16
  16: model.2.cv1.bn.running_var [   32,     1,     1,     1] type=f16
  17: model.2.cv1.bn.num_batches_tracked [    1,     1,     1,     1] type=i64
  18: model.2.cv2.conv.weight [    1,     1,    48,    64] type=f16
  19: model.2.cv2.bn.weight [   64,     1,     1,     1] type=f16
  20: model.2.cv2.bn.bias  [   64,     1,     1,     1] type=f16
  21: model.2.cv2.bn.running_mean [   64,     1,     1,     1] type=f16
  22: model.2.cv2.bn.running_var [   64,     1,     1,     1] type=f16
  23: model.2.cv2.bn.num_batches_tracked [    1,     1,     1,     1] type=i64
  24: model.2.m.0.cv1.conv.weight [    3,     3,    16,     8] type=f16
  25: model.2.m.0.cv1.bn.weight [    8,     1,     1,     1] type=f16
  26: model.2.m.0.cv1.bn.bias [    8,     1,     1,     1] type=f16
  27: model.2.m.0.cv1.bn.running_mean [    8,     1,     1,     1] type=f16
  28: model.2.m.0.cv1.bn.running_var [    8,     1,     1,     1] type=f16
  29: model.2.m.0.cv1.bn.num_batches_tracked [    1,     1,     1,     1] type=i64
  30: model.2.m.0.cv2.conv.weight [    3,     3,     8,    16] type=f16
  31: model.2.m.0.cv2.bn.weight [   16,     1,     1,     1] type=f16
  32: model.2.m.0.cv2.bn.bias [   16,     1,     1,     1] type=f16
  33: model.2.m.0.cv2.bn.running_mean [   16,     1,     1,     1] type=f16
  34: model.2.m.0.cv2.bn.running_var [   16,     1,     1,     1] type=f16
  35: model.2.m.0.cv2.bn.num_batches_tracked [    1,     1,     1,     1] type=i64
  36: model.3.conv.weight  [    3,     3,    64,    64] type=f16
  37: model.3.bn.weight    [   64,     1,     1,     1] type=f16
  38: model.3.bn.bias      [   64,     1,     1,     1] type=f16
  39: model.3.bn.running_mean [   64,     1,     1,     1] type=f16
  40: model.3.bn.running_var [   64,     1,     1,     1] type=f16
  41: model.3.bn.num_batches_tracked [    1,     1,     1,     1] type=i64
  42: model.4.cv1.conv.weight [    1,     1,    64,    64] type=f16
  43: model.4.cv1.bn.weight [   64,     1,     1,     1] type=f16
  44: model.4.cv1.bn.bias  [   64,     1,     1,     1] type=f16
  45: model.4.cv1.bn.running_mean [   64,     1,     1,     1] type=f16
  46: model.4.cv1.bn.running_var [   64,     1,     1,     1] type=f16
  47: model.4.cv1.bn.num_batches_tracked [    1,     1,     1,     1] type=i64
  48: model.4.cv2.conv.weight [    1,     1,    96,   128] type=f16
  49: model.4.cv2.bn.weight [  128,     1,     1,     1] type=f16
  50: model.4.cv2.bn.bias  [  128,     1,     1,     1] type=f16
  51: model.4.cv2.bn.running_mean [  128,     1,     1,     1] type=f16
  52: model.4.cv2.bn.running_var [  128,     1,     1,     1] type=f16
  53: model.4.cv2.bn.num_batches_tracked [    1,     1,     1,     1] type=i64
  54: model.4.m.0.cv1.conv.weight [    3,     3,    32,    16] type=f16
  55: model.4.m.0.cv1.bn.weight [   16,     1,     1,     1] type=f16
  56: model.4.m.0.cv1.bn.bias [   16,     1,     1,     1] type=f16
  57: model.4.m.0.cv1.bn.running_mean [   16,     1,     1,     1] type=f16
  58: model.4.m.0.cv1.bn.running_var [   16,     1,     1,     1] type=f16
  59: model.4.m.0.cv1.bn.num_batches_tracked [    1,     1,     1,     1] type=i64
  60: model.4.m.0.cv2.conv.weight [    3,     3,    16,    32] type=f16
  61: model.4.m.0.cv2.bn.weight [   32,     1,     1,     1] type=f16
  62: model.4.m.0.cv2.bn.bias [   32,     1,     1,     1] type=f16
  63: model.4.m.0.cv2.bn.running_mean [   32,     1,     1,     1] type=f16
  64: model.4.m.0.cv2.bn.running_var [   32,     1,     1,     1] type=f16
  65: model.4.m.0.cv2.bn.num_batches_tracked [    1,     1,     1,     1] type=i64
  66: model.5.conv.weight  [    3,     3,   128,   128] type=f16
  67: model.5.bn.weight    [  128,     1,     1,     1] type=f16
  68: model.5.bn.bias      [  128,     1,     1,     1] type=f16
  69: model.5.bn.running_mean [  128,     1,     1,     1] type=f16
  70: model.5.bn.running_var [  128,     1,     1,     1] type=f16
  71: model.5.bn.num_batches_tracked [    1,     1,     1,     1] type=i64
  72: model.6.cv1.conv.weight [    1,     1,   128,   128] type=f16
  73: model.6.cv1.bn.weight [  128,     1,     1,     1] type=f16
  74: model.6.cv1.bn.bias  [  128,     1,     1,     1] type=f16
  75: model.6.cv1.bn.running_mean [  128,     1,     1,     1] type=f16
  76: model.6.cv1.bn.running_var [  128,     1,     1,     1] type=f16
  77: model.6.cv1.bn.num_batches_tracked [    1,     1,     1,     1] type=i64
  78: model.6.cv2.conv.weight [    1,     1,   192,   128] type=f16
  79: model.6.cv2.bn.weight [  128,     1,     1,     1] type=f16
  80: model.6.cv2.bn.bias  [  128,     1,     1,     1] type=f16
  81: model.6.cv2.bn.running_mean [  128,     1,     1,     1] type=f16
  82: model.6.cv2.bn.running_var [  128,     1,     1,     1] type=f16
  83: model.6.cv2.bn.num_batches_tracked [    1,     1,     1,     1] type=i64
  84: model.6.m.0.cv1.conv.weight [    1,     1,    64,    32] type=f16
  85: model.6.m.0.cv1.bn.weight [   32,     1,     1,     1] type=f16
  86: model.6.m.0.cv1.bn.bias [   32,     1,     1,     1] type=f16
  87: model.6.m.0.cv1.bn.running_mean [   32,     1,     1,     1] type=f16
  88: model.6.m.0.cv1.bn.running_var [   32,     1,     1,     1] type=f16
  89: model.6.m.0.cv1.bn.num_batches_tracked [    1,     1,     1,     1] type=i64
  90: model.6.m.0.cv2.conv.weight [    1,     1,    64,    32] type=f16
  91: model.6.m.0.cv2.bn.weight [   32,     1,     1,     1] type=f16
  92: model.6.m.0.cv2.bn.bias [   32,     1,     1,     1] type=f16
  93: model.6.m.0.cv2.bn.running_mean [   32,     1,     1,     1] type=f16
  94: model.6.m.0.cv2.bn.running_var [   32,     1,     1,     1] type=f16
  95: model.6.m.0.cv2.bn.num_batches_tracked [    1,     1,     1,     1] type=i64
  96: model.6.m.0.cv3.conv.weight [    1,     1,    64,    64] type=f16
  97: model.6.m.0.cv3.bn.weight [   64,     1,     1,     1] type=f16
  98: model.6.m.0.cv3.bn.bias [   64,     1,     1,     1] type=f16
  99: model.6.m.0.cv3.bn.running_mean [   64,     1,     1,     1] type=f16
  100: model.6.m.0.cv3.bn.running_var [   64,     1,     1,     1] type=f16
  101: model.6.m.0.cv3.bn.num_batches_tracked [    1,     1,     1,     1] type=i64
  102: model.6.m.0.m.0.cv1.conv.weight [    3,     3,    32,    32] type=f16
  103: model.6.m.0.m.0.cv1.bn.weight [   32,     1,     1,     1] type=f16
  104: model.6.m.0.m.0.cv1.bn.bias [   32,     1,     1,     1] type=f16
  105: model.6.m.0.m.0.cv1.bn.running_mean [   32,     1,     1,     1] type=f16
  106: model.6.m.0.m.0.cv1.bn.running_var [   32,     1,     1,     1] type=f16
  107: model.6.m.0.m.0.cv1.bn.num_batches_tracked [    1,     1,     1,     1] type=i64
  108: model.6.m.0.m.0.cv2.conv.weight [    3,     3,    32,    32] type=f16
  109: model.6.m.0.m.0.cv2.bn.weight [   32,     1,     1,     1] type=f16
  110: model.6.m.0.m.0.cv2.bn.bias [   32,     1,     1,     1] type=f16
  111: model.6.m.0.m.0.cv2.bn.running_mean [   32,     1,     1,     1] type=f16
  112: model.6.m.0.m.0.cv2.bn.running_var [   32,     1,     1,     1] type=f16
  113: model.6.m.0.m.0.cv2.bn.num_batches_tracked [    1,     1,     1,     1] type=i64
  114: model.6.m.0.m.1.cv1.conv.weight [    3,     3,    32,    32] type=f16
  115: model.6.m.0.m.1.cv1.bn.weight [   32,     1,     1,     1] type=f16
  116: model.6.m.0.m.1.cv1.bn.bias [   32,     1,     1,     1] type=f16
  117: model.6.m.0.m.1.cv1.bn.running_mean [   32,     1,     1,     1] type=f16
  118: model.6.m.0.m.1.cv1.bn.running_var [   32,     1,     1,     1] type=f16
  119: model.6.m.0.m.1.cv1.bn.num_batches_tracked [    1,     1,     1,     1] type=i64
  120: model.6.m.0.m.1.cv2.conv.weight [    3,     3,    32,    32] type=f16
  121: model.6.m.0.m.1.cv2.bn.weight [   32,     1,     1,     1] type=f16
  122: model.6.m.0.m.1.cv2.bn.bias [   32,     1,     1,     1] type=f16
  123: model.6.m.0.m.1.cv2.bn.running_mean [   32,     1,     1,     1] type=f16
  124: model.6.m.0.m.1.cv2.bn.running_var [   32,     1,     1,     1] type=f16
  125: model.6.m.0.m.1.cv2.bn.num_batches_tracked [    1,     1,     1,     1] type=i64
  126: model.7.conv.weight  [    3,     3,   128,   256] type=f16
  127: model.7.bn.weight    [  256,     1,     1,     1] type=f16
  128: model.7.bn.bias      [  256,     1,     1,     1] type=f16
  129: model.7.bn.running_mean [  256,     1,     1,     1] type=f16
  130: model.7.bn.running_var [  256,     1,     1,     1] type=f16
  131: model.7.bn.num_batches_tracked [    1,     1,     1,     1] type=i64
  132: model.8.cv1.conv.weight [    1,     1,   256,   256] type=f16
  133: model.8.cv1.bn.weight [  256,     1,     1,     1] type=f16
  134: model.8.cv1.bn.bias  [  256,     1,     1,     1] type=f16
  135: model.8.cv1.bn.running_mean [  256,     1,     1,     1] type=f16
  136: model.8.cv1.bn.running_var [  256,     1,     1,     1] type=f16
  137: model.8.cv1.bn.num_batches_tracked [    1,     1,     1,     1] type=i64
  138: model.8.cv2.conv.weight [    1,     1,   384,   256] type=f16
  139: model.8.cv2.bn.weight [  256,     1,     1,     1] type=f16
  140: model.8.cv2.bn.bias  [  256,     1,     1,     1] type=f16
  141: model.8.cv2.bn.running_mean [  256,     1,     1,     1] type=f16
  142: model.8.cv2.bn.running_var [  256,     1,     1,     1] type=f16
  143: model.8.cv2.bn.num_batches_tracked [    1,     1,     1,     1] type=i64
  144: model.8.m.0.cv1.conv.weight [    1,     1,   128,    64] type=f16
  145: model.8.m.0.cv1.bn.weight [   64,     1,     1,     1] type=f16
  146: model.8.m.0.cv1.bn.bias [   64,     1,     1,     1] type=f16
  147: model.8.m.0.cv1.bn.running_mean [   64,     1,     1,     1] type=f16
  148: model.8.m.0.cv1.bn.running_var [   64,     1,     1,     1] type=f16
  149: model.8.m.0.cv1.bn.num_batches_tracked [    1,     1,     1,     1] type=i64
  150: model.8.m.0.cv2.conv.weight [    1,     1,   128,    64] type=f16
  151: model.8.m.0.cv2.bn.weight [   64,     1,     1,     1] type=f16
  152: model.8.m.0.cv2.bn.bias [   64,     1,     1,     1] type=f16
  153: model.8.m.0.cv2.bn.running_mean [   64,     1,     1,     1] type=f16
  154: model.8.m.0.cv2.bn.running_var [   64,     1,     1,     1] type=f16
  155: model.8.m.0.cv2.bn.num_batches_tracked [    1,     1,     1,     1] type=i64
  156: model.8.m.0.cv3.conv.weight [    1,     1,   128,   128] type=f16
  157: model.8.m.0.cv3.bn.weight [  128,     1,     1,     1] type=f16
  158: model.8.m.0.cv3.bn.bias [  128,     1,     1,     1] type=f16
  159: model.8.m.0.cv3.bn.running_mean [  128,     1,     1,     1] type=f16
  160: model.8.m.0.cv3.bn.running_var [  128,     1,     1,     1] type=f16
  161: model.8.m.0.cv3.bn.num_batches_tracked [    1,     1,     1,     1] type=i64
  162: model.8.m.0.m.0.cv1.conv.weight [    3,     3,    64,    64] type=f16
  163: model.8.m.0.m.0.cv1.bn.weight [   64,     1,     1,     1] type=f16
  164: model.8.m.0.m.0.cv1.bn.bias [   64,     1,     1,     1] type=f16
  165: model.8.m.0.m.0.cv1.bn.running_mean [   64,     1,     1,     1] type=f16
  166: model.8.m.0.m.0.cv1.bn.running_var [   64,     1,     1,     1] type=f16
  167: model.8.m.0.m.0.cv1.bn.num_batches_tracked [    1,     1,     1,     1] type=i64
  168: model.8.m.0.m.0.cv2.conv.weight [    3,     3,    64,    64] type=f16
  169: model.8.m.0.m.0.cv2.bn.weight [   64,     1,     1,     1] type=f16
  170: model.8.m.0.m.0.cv2.bn.bias [   64,     1,     1,     1] type=f16
  171: model.8.m.0.m.0.cv2.bn.running_mean [   64,     1,     1,     1] type=f16
  172: model.8.m.0.m.0.cv2.bn.running_var [   64,     1,     1,     1] type=f16
  173: model.8.m.0.m.0.cv2.bn.num_batches_tracked [    1,     1,     1,     1] type=i64
  174: model.8.m.0.m.1.cv1.conv.weight [    3,     3,    64,    64] type=f16
  175: model.8.m.0.m.1.cv1.bn.weight [   64,     1,     1,     1] type=f16
  176: model.8.m.0.m.1.cv1.bn.bias [   64,     1,     1,     1] type=f16
  177: model.8.m.0.m.1.cv1.bn.running_mean [   64,     1,     1,     1] type=f16
  178: model.8.m.0.m.1.cv1.bn.running_var [   64,     1,     1,     1] type=f16
  179: model.8.m.0.m.1.cv1.bn.num_batches_tracked [    1,     1,     1,     1] type=i64
  180: model.8.m.0.m.1.cv2.conv.weight [    3,     3,    64,    64] type=f16
  181: model.8.m.0.m.1.cv2.bn.weight [   64,     1,     1,     1] type=f16
  182: model.8.m.0.m.1.cv2.bn.bias [   64,     1,     1,     1] type=f16
  183: model.8.m.0.m.1.cv2.bn.running_mean [   64,     1,     1,     1] type=f16
  184: model.8.m.0.m.1.cv2.bn.running_var [   64,     1,     1,     1] type=f16
  185: model.8.m.0.m.1.cv2.bn.num_batches_tracked [    1,     1,     1,     1] type=i64
  186: model.9.cv1.conv.weight [    1,     1,   256,   128] type=f16
  187: model.9.cv1.bn.weight [  128,     1,     1,     1] type=f16
  188: model.9.cv1.bn.bias  [  128,     1,     1,     1] type=f16
  189: model.9.cv1.bn.running_mean [  128,     1,     1,     1] type=f16
  190: model.9.cv1.bn.running_var [  128,     1,     1,     1] type=f16
  191: model.9.cv1.bn.num_batches_tracked [    1,     1,     1,     1] type=i64
  192: model.9.cv2.conv.weight [    1,     1,   512,   256] type=f16
  193: model.9.cv2.bn.weight [  256,     1,     1,     1] type=f16
  194: model.9.cv2.bn.bias  [  256,     1,     1,     1] type=f16
  195: model.9.cv2.bn.running_mean [  256,     1,     1,     1] type=f16
  196: model.9.cv2.bn.running_var [  256,     1,     1,     1] type=f16
  197: model.9.cv2.bn.num_batches_tracked [    1,     1,     1,     1] type=i64
  198: model.10.cv1.conv.weight [    1,     1,   256,   256] type=f16
  199: model.10.cv1.bn.weight [  256,     1,     1,     1] type=f16
  200: model.10.cv1.bn.bias [  256,     1,     1,     1] type=f16
  201: model.10.cv1.bn.running_mean [  256,     1,     1,     1] type=f16
  202: model.10.cv1.bn.running_var [  256,     1,     1,     1] type=f16
  203: model.10.cv1.bn.num_batches_tracked [    1,     1,     1,     1] type=i64
  204: model.10.cv2.conv.weight [    1,     1,   256,   256] type=f16
  205: model.10.cv2.bn.weight [  256,     1,     1,     1] type=f16
  206: model.10.cv2.bn.bias [  256,     1,     1,     1] type=f16
  207: model.10.cv2.bn.running_mean [  256,     1,     1,     1] type=f16
  208: model.10.cv2.bn.running_var [  256,     1,     1,     1] type=f16
  209: model.10.cv2.bn.num_batches_tracked [    1,     1,     1,     1] type=i64
  210: model.10.m.0.attn.qkv.conv.weight [    1,     1,   128,   256] type=f16
  211: model.10.m.0.attn.qkv.bn.weight [  256,     1,     1,     1] type=f16
  212: model.10.m.0.attn.qkv.bn.bias [  256,     1,     1,     1] type=f16
  213: model.10.m.0.attn.qkv.bn.running_mean [  256,     1,     1,     1] type=f16
  214: model.10.m.0.attn.qkv.bn.running_var [  256,     1,     1,     1] type=f16
  215: model.10.m.0.attn.qkv.bn.num_batches_tracked [    1,     1,     1,     1] type=i64
  216: model.10.m.0.attn.proj.conv.weight [    1,     1,   128,   128] type=f16
  217: model.10.m.0.attn.proj.bn.weight [  128,     1,     1,     1] type=f16
  218: model.10.m.0.attn.proj.bn.bias [  128,     1,     1,     1] type=f16
  219: model.10.m.0.attn.proj.bn.running_mean [  128,     1,     1,     1] type=f16
  220: model.10.m.0.attn.proj.bn.running_var [  128,     1,     1,     1] type=f16
  221: model.10.m.0.attn.proj.bn.num_batches_tracked [    1,     1,     1,     1] type=i64
  222: model.10.m.0.attn.pe.conv.weight [    3,     3,     1,   128] type=f16
  223: model.10.m.0.attn.pe.bn.weight [  128,     1,     1,     1] type=f16
  224: model.10.m.0.attn.pe.bn.bias [  128,     1,     1,     1] type=f16
  225: model.10.m.0.attn.pe.bn.running_mean [  128,     1,     1,     1] type=f16
  226: model.10.m.0.attn.pe.bn.running_var [  128,     1,     1,     1] type=f16
  227: model.10.m.0.attn.pe.bn.num_batches_tracked [    1,     1,     1,     1] type=i64
  228: model.10.m.0.ffn.0.conv.weight [    1,     1,   128,   256] type=f16
  229: model.10.m.0.ffn.0.bn.weight [  256,     1,     1,     1] type=f16
  230: model.10.m.0.ffn.0.bn.bias [  256,     1,     1,     1] type=f16
  231: model.10.m.0.ffn.0.bn.running_mean [  256,     1,     1,     1] type=f16
  232: model.10.m.0.ffn.0.bn.running_var [  256,     1,     1,     1] type=f16
  233: model.10.m.0.ffn.0.bn.num_batches_tracked [    1,     1,     1,     1] type=i64
  234: model.10.m.0.ffn.1.conv.weight [    1,     1,   256,   128] type=f16
  235: model.10.m.0.ffn.1.bn.weight [  128,     1,     1,     1] type=f16
  236: model.10.m.0.ffn.1.bn.bias [  128,     1,     1,     1] type=f16
  237: model.10.m.0.ffn.1.bn.running_mean [  128,     1,     1,     1] type=f16
  238: model.10.m.0.ffn.1.bn.running_var [  128,     1,     1,     1] type=f16
  239: model.10.m.0.ffn.1.bn.num_batches_tracked [    1,     1,     1,     1] type=i64
  240: model.13.cv1.conv.weight [    1,     1,   384,   128] type=f16
  241: model.13.cv1.bn.weight [  128,     1,     1,     1] type=f16
  242: model.13.cv1.bn.bias [  128,     1,     1,     1] type=f16
  243: model.13.cv1.bn.running_mean [  128,     1,     1,     1] type=f16
  244: model.13.cv1.bn.running_var [  128,     1,     1,     1] type=f16
  245: model.13.cv1.bn.num_batches_tracked [    1,     1,     1,     1] type=i64
  246: model.13.cv2.conv.weight [    1,     1,   192,   128] type=f16
  247: model.13.cv2.bn.weight [  128,     1,     1,     1] type=f16
  248: model.13.cv2.bn.bias [  128,     1,     1,     1] type=f16
  249: model.13.cv2.bn.running_mean [  128,     1,     1,     1] type=f16
  250: model.13.cv2.bn.running_var [  128,     1,     1,     1] type=f16
  251: model.13.cv2.bn.num_batches_tracked [    1,     1,     1,     1] type=i64
  252: model.13.m.0.cv1.conv.weight [    1,     1,    64,    32] type=f16
  253: model.13.m.0.cv1.bn.weight [   32,     1,     1,     1] type=f16
  254: model.13.m.0.cv1.bn.bias [   32,     1,     1,     1] type=f16
  255: model.13.m.0.cv1.bn.running_mean [   32,     1,     1,     1] type=f16
  256: model.13.m.0.cv1.bn.running_var [   32,     1,     1,     1] type=f16
  257: model.13.m.0.cv1.bn.num_batches_tracked [    1,     1,     1,     1] type=i64
  258: model.13.m.0.cv2.conv.weight [    1,     1,    64,    32] type=f16
  259: model.13.m.0.cv2.bn.weight [   32,     1,     1,     1] type=f16
  260: model.13.m.0.cv2.bn.bias [   32,     1,     1,     1] type=f16
  261: model.13.m.0.cv2.bn.running_mean [   32,     1,     1,     1] type=f16
  262: model.13.m.0.cv2.bn.running_var [   32,     1,     1,     1] type=f16
  263: model.13.m.0.cv2.bn.num_batches_tracked [    1,     1,     1,     1] type=i64
  264: model.13.m.0.cv3.conv.weight [    1,     1,    64,    64] type=f16
  265: model.13.m.0.cv3.bn.weight [   64,     1,     1,     1] type=f16
  266: model.13.m.0.cv3.bn.bias [   64,     1,     1,     1] type=f16
  267: model.13.m.0.cv3.bn.running_mean [   64,     1,     1,     1] type=f16
  268: model.13.m.0.cv3.bn.running_var [   64,     1,     1,     1] type=f16
  269: model.13.m.0.cv3.bn.num_batches_tracked [    1,     1,     1,     1] type=i64
  270: model.13.m.0.m.0.cv1.conv.weight [    3,     3,    32,    32] type=f16
  271: model.13.m.0.m.0.cv1.bn.weight [   32,     1,     1,     1] type=f16
  272: model.13.m.0.m.0.cv1.bn.bias [   32,     1,     1,     1] type=f16
  273: model.13.m.0.m.0.cv1.bn.running_mean [   32,     1,     1,     1] type=f16
  274: model.13.m.0.m.0.cv1.bn.running_var [   32,     1,     1,     1] type=f16
  275: model.13.m.0.m.0.cv1.bn.num_batches_tracked [    1,     1,     1,     1] type=i64
  276: model.13.m.0.m.0.cv2.conv.weight [    3,     3,    32,    32] type=f16
  277: model.13.m.0.m.0.cv2.bn.weight [   32,     1,     1,     1] type=f16
  278: model.13.m.0.m.0.cv2.bn.bias [   32,     1,     1,     1] type=f16
  279: model.13.m.0.m.0.cv2.bn.running_mean [   32,     1,     1,     1] type=f16
  280: model.13.m.0.m.0.cv2.bn.running_var [   32,     1,     1,     1] type=f16
  281: model.13.m.0.m.0.cv2.bn.num_batches_tracked [    1,     1,     1,     1] type=i64
  282: model.13.m.0.m.1.cv1.conv.weight [    3,     3,    32,    32] type=f16
  283: model.13.m.0.m.1.cv1.bn.weight [   32,     1,     1,     1] type=f16
  284: model.13.m.0.m.1.cv1.bn.bias [   32,     1,     1,     1] type=f16
  285: model.13.m.0.m.1.cv1.bn.running_mean [   32,     1,     1,     1] type=f16
  286: model.13.m.0.m.1.cv1.bn.running_var [   32,     1,     1,     1] type=f16
  287: model.13.m.0.m.1.cv1.bn.num_batches_tracked [    1,     1,     1,     1] type=i64
  288: model.13.m.0.m.1.cv2.conv.weight [    3,     3,    32,    32] type=f16
  289: model.13.m.0.m.1.cv2.bn.weight [   32,     1,     1,     1] type=f16
  290: model.13.m.0.m.1.cv2.bn.bias [   32,     1,     1,     1] type=f16
  291: model.13.m.0.m.1.cv2.bn.running_mean [   32,     1,     1,     1] type=f16
  292: model.13.m.0.m.1.cv2.bn.running_var [   32,     1,     1,     1] type=f16
  293: model.13.m.0.m.1.cv2.bn.num_batches_tracked [    1,     1,     1,     1] type=i64
  294: model.16.cv1.conv.weight [    1,     1,   256,    64] type=f16
  295: model.16.cv1.bn.weight [   64,     1,     1,     1] type=f16
  296: model.16.cv1.bn.bias [   64,     1,     1,     1] type=f16
  297: model.16.cv1.bn.running_mean [   64,     1,     1,     1] type=f16
  298: model.16.cv1.bn.running_var [   64,     1,     1,     1] type=f16
  299: model.16.cv1.bn.num_batches_tracked [    1,     1,     1,     1] type=i64
  300: model.16.cv2.conv.weight [    1,     1,    96,    64] type=f16
  301: model.16.cv2.bn.weight [   64,     1,     1,     1] type=f16
  302: model.16.cv2.bn.bias [   64,     1,     1,     1] type=f16
  303: model.16.cv2.bn.running_mean [   64,     1,     1,     1] type=f16
  304: model.16.cv2.bn.running_var [   64,     1,     1,     1] type=f16
  305: model.16.cv2.bn.num_batches_tracked [    1,     1,     1,     1] type=i64
  306: model.16.m.0.cv1.conv.weight [    1,     1,    32,    16] type=f16
  307: model.16.m.0.cv1.bn.weight [   16,     1,     1,     1] type=f16
  308: model.16.m.0.cv1.bn.bias [   16,     1,     1,     1] type=f16
  309: model.16.m.0.cv1.bn.running_mean [   16,     1,     1,     1] type=f16
  310: model.16.m.0.cv1.bn.running_var [   16,     1,     1,     1] type=f16
  311: model.16.m.0.cv1.bn.num_batches_tracked [    1,     1,     1,     1] type=i64
  312: model.16.m.0.cv2.conv.weight [    1,     1,    32,    16] type=f16
  313: model.16.m.0.cv2.bn.weight [   16,     1,     1,     1] type=f16
  314: model.16.m.0.cv2.bn.bias [   16,     1,     1,     1] type=f16
  315: model.16.m.0.cv2.bn.running_mean [   16,     1,     1,     1] type=f16
  316: model.16.m.0.cv2.bn.running_var [   16,     1,     1,     1] type=f16
  317: model.16.m.0.cv2.bn.num_batches_tracked [    1,     1,     1,     1] type=i64
  318: model.16.m.0.cv3.conv.weight [    1,     1,    32,    32] type=f16
  319: model.16.m.0.cv3.bn.weight [   32,     1,     1,     1] type=f16
  320: model.16.m.0.cv3.bn.bias [   32,     1,     1,     1] type=f16
  321: model.16.m.0.cv3.bn.running_mean [   32,     1,     1,     1] type=f16
  322: model.16.m.0.cv3.bn.running_var [   32,     1,     1,     1] type=f16
  323: model.16.m.0.cv3.bn.num_batches_tracked [    1,     1,     1,     1] type=i64
  324: model.16.m.0.m.0.cv1.conv.weight [    3,     3,    16,    16] type=f16
  325: model.16.m.0.m.0.cv1.bn.weight [   16,     1,     1,     1] type=f16
  326: model.16.m.0.m.0.cv1.bn.bias [   16,     1,     1,     1] type=f16
  327: model.16.m.0.m.0.cv1.bn.running_mean [   16,     1,     1,     1] type=f16
  328: model.16.m.0.m.0.cv1.bn.running_var [   16,     1,     1,     1] type=f16
  329: model.16.m.0.m.0.cv1.bn.num_batches_tracked [    1,     1,     1,     1] type=i64
  330: model.16.m.0.m.0.cv2.conv.weight [    3,     3,    16,    16] type=f16
  331: model.16.m.0.m.0.cv2.bn.weight [   16,     1,     1,     1] type=f16
  332: model.16.m.0.m.0.cv2.bn.bias [   16,     1,     1,     1] type=f16
  333: model.16.m.0.m.0.cv2.bn.running_mean [   16,     1,     1,     1] type=f16
  334: model.16.m.0.m.0.cv2.bn.running_var [   16,     1,     1,     1] type=f16
  335: model.16.m.0.m.0.cv2.bn.num_batches_tracked [    1,     1,     1,     1] type=i64
  336: model.16.m.0.m.1.cv1.conv.weight [    3,     3,    16,    16] type=f16
  337: model.16.m.0.m.1.cv1.bn.weight [   16,     1,     1,     1] type=f16
  338: model.16.m.0.m.1.cv1.bn.bias [   16,     1,     1,     1] type=f16
  339: model.16.m.0.m.1.cv1.bn.running_mean [   16,     1,     1,     1] type=f16
  340: model.16.m.0.m.1.cv1.bn.running_var [   16,     1,     1,     1] type=f16
  341: model.16.m.0.m.1.cv1.bn.num_batches_tracked [    1,     1,     1,     1] type=i64
  342: model.16.m.0.m.1.cv2.conv.weight [    3,     3,    16,    16] type=f16
  343: model.16.m.0.m.1.cv2.bn.weight [   16,     1,     1,     1] type=f16
  344: model.16.m.0.m.1.cv2.bn.bias [   16,     1,     1,     1] type=f16
  345: model.16.m.0.m.1.cv2.bn.running_mean [   16,     1,     1,     1] type=f16
  346: model.16.m.0.m.1.cv2.bn.running_var [   16,     1,     1,     1] type=f16
  347: model.16.m.0.m.1.cv2.bn.num_batches_tracked [    1,     1,     1,     1] type=i64
  348: model.17.conv.weight [    3,     3,    64,    64] type=f16
  349: model.17.bn.weight   [   64,     1,     1,     1] type=f16
  350: model.17.bn.bias     [   64,     1,     1,     1] type=f16
  351: model.17.bn.running_mean [   64,     1,     1,     1] type=f16
  352: model.17.bn.running_var [   64,     1,     1,     1] type=f16
  353: model.17.bn.num_batches_tracked [    1,     1,     1,     1] type=i64
  354: model.19.cv1.conv.weight [    1,     1,   192,   128] type=f16
  355: model.19.cv1.bn.weight [  128,     1,     1,     1] type=f16
  356: model.19.cv1.bn.bias [  128,     1,     1,     1] type=f16
  357: model.19.cv1.bn.running_mean [  128,     1,     1,     1] type=f16
  358: model.19.cv1.bn.running_var [  128,     1,     1,     1] type=f16
  359: model.19.cv1.bn.num_batches_tracked [    1,     1,     1,     1] type=i64
  360: model.19.cv2.conv.weight [    1,     1,   192,   128] type=f16
  361: model.19.cv2.bn.weight [  128,     1,     1,     1] type=f16
  362: model.19.cv2.bn.bias [  128,     1,     1,     1] type=f16
  363: model.19.cv2.bn.running_mean [  128,     1,     1,     1] type=f16
  364: model.19.cv2.bn.running_var [  128,     1,     1,     1] type=f16
  365: model.19.cv2.bn.num_batches_tracked [    1,     1,     1,     1] type=i64
  366: model.19.m.0.cv1.conv.weight [    1,     1,    64,    32] type=f16
  367: model.19.m.0.cv1.bn.weight [   32,     1,     1,     1] type=f16
  368: model.19.m.0.cv1.bn.bias [   32,     1,     1,     1] type=f16
  369: model.19.m.0.cv1.bn.running_mean [   32,     1,     1,     1] type=f16
  370: model.19.m.0.cv1.bn.running_var [   32,     1,     1,     1] type=f16
  371: model.19.m.0.cv1.bn.num_batches_tracked [    1,     1,     1,     1] type=i64
  372: model.19.m.0.cv2.conv.weight [    1,     1,    64,    32] type=f16
  373: model.19.m.0.cv2.bn.weight [   32,     1,     1,     1] type=f16
  374: model.19.m.0.cv2.bn.bias [   32,     1,     1,     1] type=f16
  375: model.19.m.0.cv2.bn.running_mean [   32,     1,     1,     1] type=f16
  376: model.19.m.0.cv2.bn.running_var [   32,     1,     1,     1] type=f16
  377: model.19.m.0.cv2.bn.num_batches_tracked [    1,     1,     1,     1] type=i64
  378: model.19.m.0.cv3.conv.weight [    1,     1,    64,    64] type=f16
  379: model.19.m.0.cv3.bn.weight [   64,     1,     1,     1] type=f16
  380: model.19.m.0.cv3.bn.bias [   64,     1,     1,     1] type=f16
  381: model.19.m.0.cv3.bn.running_mean [   64,     1,     1,     1] type=f16
  382: model.19.m.0.cv3.bn.running_var [   64,     1,     1,     1] type=f16
  383: model.19.m.0.cv3.bn.num_batches_tracked [    1,     1,     1,     1] type=i64
  384: model.19.m.0.m.0.cv1.conv.weight [    3,     3,    32,    32] type=f16
  385: model.19.m.0.m.0.cv1.bn.weight [   32,     1,     1,     1] type=f16
  386: model.19.m.0.m.0.cv1.bn.bias [   32,     1,     1,     1] type=f16
  387: model.19.m.0.m.0.cv1.bn.running_mean [   32,     1,     1,     1] type=f16
  388: model.19.m.0.m.0.cv1.bn.running_var [   32,     1,     1,     1] type=f16
  389: model.19.m.0.m.0.cv1.bn.num_batches_tracked [    1,     1,     1,     1] type=i64
  390: model.19.m.0.m.0.cv2.conv.weight [    3,     3,    32,    32] type=f16
  391: model.19.m.0.m.0.cv2.bn.weight [   32,     1,     1,     1] type=f16
  392: model.19.m.0.m.0.cv2.bn.bias [   32,     1,     1,     1] type=f16
  393: model.19.m.0.m.0.cv2.bn.running_mean [   32,     1,     1,     1] type=f16
  394: model.19.m.0.m.0.cv2.bn.running_var [   32,     1,     1,     1] type=f16
  395: model.19.m.0.m.0.cv2.bn.num_batches_tracked [    1,     1,     1,     1] type=i64
  396: model.19.m.0.m.1.cv1.conv.weight [    3,     3,    32,    32] type=f16
  397: model.19.m.0.m.1.cv1.bn.weight [   32,     1,     1,     1] type=f16
  398: model.19.m.0.m.1.cv1.bn.bias [   32,     1,     1,     1] type=f16
  399: model.19.m.0.m.1.cv1.bn.running_mean [   32,     1,     1,     1] type=f16
  400: model.19.m.0.m.1.cv1.bn.running_var [   32,     1,     1,     1] type=f16
  401: model.19.m.0.m.1.cv1.bn.num_batches_tracked [    1,     1,     1,     1] type=i64
  402: model.19.m.0.m.1.cv2.conv.weight [    3,     3,    32,    32] type=f16
  403: model.19.m.0.m.1.cv2.bn.weight [   32,     1,     1,     1] type=f16
  404: model.19.m.0.m.1.cv2.bn.bias [   32,     1,     1,     1] type=f16
  405: model.19.m.0.m.1.cv2.bn.running_mean [   32,     1,     1,     1] type=f16
  406: model.19.m.0.m.1.cv2.bn.running_var [   32,     1,     1,     1] type=f16
  407: model.19.m.0.m.1.cv2.bn.num_batches_tracked [    1,     1,     1,     1] type=i64
  408: model.20.conv.weight [    3,     3,   128,   128] type=f16
  409: model.20.bn.weight   [  128,     1,     1,     1] type=f16
  410: model.20.bn.bias     [  128,     1,     1,     1] type=f16
  411: model.20.bn.running_mean [  128,     1,     1,     1] type=f16
  412: model.20.bn.running_var [  128,     1,     1,     1] type=f16
  413: model.20.bn.num_batches_tracked [    1,     1,     1,     1] type=i64
  414: model.22.cv1.conv.weight [    1,     1,   384,   256] type=f16
  415: model.22.cv1.bn.weight [  256,     1,     1,     1] type=f16
  416: model.22.cv1.bn.bias [  256,     1,     1,     1] type=f16
  417: model.22.cv1.bn.running_mean [  256,     1,     1,     1] type=f16
  418: model.22.cv1.bn.running_var [  256,     1,     1,     1] type=f16
  419: model.22.cv1.bn.num_batches_tracked [    1,     1,     1,     1] type=i64
  420: model.22.cv2.conv.weight [    1,     1,   384,   256] type=f16
  421: model.22.cv2.bn.weight [  256,     1,     1,     1] type=f16
  422: model.22.cv2.bn.bias [  256,     1,     1,     1] type=f16
  423: model.22.cv2.bn.running_mean [  256,     1,     1,     1] type=f16
  424: model.22.cv2.bn.running_var [  256,     1,     1,     1] type=f16
  425: model.22.cv2.bn.num_batches_tracked [    1,     1,     1,     1] type=i64
  426: model.22.m.0.0.cv1.conv.weight [    3,     3,   128,    64] type=f16
  427: model.22.m.0.0.cv1.bn.weight [   64,     1,     1,     1] type=f16
  428: model.22.m.0.0.cv1.bn.bias [   64,     1,     1,     1] type=f16
  429: model.22.m.0.0.cv1.bn.running_mean [   64,     1,     1,     1] type=f16
  430: model.22.m.0.0.cv1.bn.running_var [   64,     1,     1,     1] type=f16
  431: model.22.m.0.0.cv1.bn.num_batches_tracked [    1,     1,     1,     1] type=i64
  432: model.22.m.0.0.cv2.conv.weight [    3,     3,    64,   128] type=f16
  433: model.22.m.0.0.cv2.bn.weight [  128,     1,     1,     1] type=f16
  434: model.22.m.0.0.cv2.bn.bias [  128,     1,     1,     1] type=f16
  435: model.22.m.0.0.cv2.bn.running_mean [  128,     1,     1,     1] type=f16
  436: model.22.m.0.0.cv2.bn.running_var [  128,     1,     1,     1] type=f16
  437: model.22.m.0.0.cv2.bn.num_batches_tracked [    1,     1,     1,     1] type=i64
  438: model.22.m.0.1.attn.qkv.conv.weight [    1,     1,   128,   256] type=f16
  439: model.22.m.0.1.attn.qkv.bn.weight [  256,     1,     1,     1] type=f16
  440: model.22.m.0.1.attn.qkv.bn.bias [  256,     1,     1,     1] type=f16
  441: model.22.m.0.1.attn.qkv.bn.running_mean [  256,     1,     1,     1] type=f16
  442: model.22.m.0.1.attn.qkv.bn.running_var [  256,     1,     1,     1] type=f16
  443: model.22.m.0.1.attn.qkv.bn.num_batches_tracked [    1,     1,     1,     1] type=i64
  444: model.22.m.0.1.attn.proj.conv.weight [    1,     1,   128,   128] type=f16
  445: model.22.m.0.1.attn.proj.bn.weight [  128,     1,     1,     1] type=f16
  446: model.22.m.0.1.attn.proj.bn.bias [  128,     1,     1,     1] type=f16
  447: model.22.m.0.1.attn.proj.bn.running_mean [  128,     1,     1,     1] type=f16
  448: model.22.m.0.1.attn.proj.bn.running_var [  128,     1,     1,     1] type=f16
  449: model.22.m.0.1.attn.proj.bn.num_batches_tracked [    1,     1,     1,     1] type=i64
  450: model.22.m.0.1.attn.pe.conv.weight [    3,     3,     1,   128] type=f16
  451: model.22.m.0.1.attn.pe.bn.weight [  128,     1,     1,     1] type=f16
  452: model.22.m.0.1.attn.pe.bn.bias [  128,     1,     1,     1] type=f16
  453: model.22.m.0.1.attn.pe.bn.running_mean [  128,     1,     1,     1] type=f16
  454: model.22.m.0.1.attn.pe.bn.running_var [  128,     1,     1,     1] type=f16
  455: model.22.m.0.1.attn.pe.bn.num_batches_tracked [    1,     1,     1,     1] type=i64
  456: model.22.m.0.1.ffn.0.conv.weight [    1,     1,   128,   256] type=f16
  457: model.22.m.0.1.ffn.0.bn.weight [  256,     1,     1,     1] type=f16
  458: model.22.m.0.1.ffn.0.bn.bias [  256,     1,     1,     1] type=f16
  459: model.22.m.0.1.ffn.0.bn.running_mean [  256,     1,     1,     1] type=f16
  460: model.22.m.0.1.ffn.0.bn.running_var [  256,     1,     1,     1] type=f16
  461: model.22.m.0.1.ffn.0.bn.num_batches_tracked [    1,     1,     1,     1] type=i64
  462: model.22.m.0.1.ffn.1.conv.weight [    1,     1,   256,   128] type=f16
  463: model.22.m.0.1.ffn.1.bn.weight [  128,     1,     1,     1] type=f16
  464: model.22.m.0.1.ffn.1.bn.bias [  128,     1,     1,     1] type=f16
  465: model.22.m.0.1.ffn.1.bn.running_mean [  128,     1,     1,     1] type=f16
  466: model.22.m.0.1.ffn.1.bn.running_var [  128,     1,     1,     1] type=f16
  467: model.22.m.0.1.ffn.1.bn.num_batches_tracked [    1,     1,     1,     1] type=i64
  468: model.23.cv2.0.0.conv.weight [    3,     3,    64,    16] type=f16
  469: model.23.cv2.0.0.bn.weight [   16,     1,     1,     1] type=f16
  470: model.23.cv2.0.0.bn.bias [   16,     1,     1,     1] type=f16
  471: model.23.cv2.0.0.bn.running_mean [   16,     1,     1,     1] type=f16
  472: model.23.cv2.0.0.bn.running_var [   16,     1,     1,     1] type=f16
  473: model.23.cv2.0.0.bn.num_batches_tracked [    1,     1,     1,     1] type=i64
  474: model.23.cv2.0.1.conv.weight [    3,     3,    16,    16] type=f16
  475: model.23.cv2.0.1.bn.weight [   16,     1,     1,     1] type=f16
  476: model.23.cv2.0.1.bn.bias [   16,     1,     1,     1] type=f16
  477: model.23.cv2.0.1.bn.running_mean [   16,     1,     1,     1] type=f16
  478: model.23.cv2.0.1.bn.running_var [   16,     1,     1,     1] type=f16
  479: model.23.cv2.0.1.bn.num_batches_tracked [    1,     1,     1,     1] type=i64
  480: model.23.cv2.0.2.weight [    1,     1,    16,     4] type=f16
  481: model.23.cv2.0.2.bias [    4,     1,     1,     1] type=f16
  482: model.23.cv2.1.0.conv.weight [    3,     3,   128,    16] type=f16
  483: model.23.cv2.1.0.bn.weight [   16,     1,     1,     1] type=f16
  484: model.23.cv2.1.0.bn.bias [   16,     1,     1,     1] type=f16
  485: model.23.cv2.1.0.bn.running_mean [   16,     1,     1,     1] type=f16
  486: model.23.cv2.1.0.bn.running_var [   16,     1,     1,     1] type=f16
  487: model.23.cv2.1.0.bn.num_batches_tracked [    1,     1,     1,     1] type=i64
  488: model.23.cv2.1.1.conv.weight [    3,     3,    16,    16] type=f16
  489: model.23.cv2.1.1.bn.weight [   16,     1,     1,     1] type=f16
  490: model.23.cv2.1.1.bn.bias [   16,     1,     1,     1] type=f16
  491: model.23.cv2.1.1.bn.running_mean [   16,     1,     1,     1] type=f16
  492: model.23.cv2.1.1.bn.running_var [   16,     1,     1,     1] type=f16
  493: model.23.cv2.1.1.bn.num_batches_tracked [    1,     1,     1,     1] type=i64
  494: model.23.cv2.1.2.weight [    1,     1,    16,     4] type=f16
  495: model.23.cv2.1.2.bias [    4,     1,     1,     1] type=f16
  496: model.23.cv2.2.0.conv.weight [    3,     3,   256,    16] type=f16
  497: model.23.cv2.2.0.bn.weight [   16,     1,     1,     1] type=f16
  498: model.23.cv2.2.0.bn.bias [   16,     1,     1,     1] type=f16
  499: model.23.cv2.2.0.bn.running_mean [   16,     1,     1,     1] type=f16
  500: model.23.cv2.2.0.bn.running_var [   16,     1,     1,     1] type=f16
  501: model.23.cv2.2.0.bn.num_batches_tracked [    1,     1,     1,     1] type=i64
  502: model.23.cv2.2.1.conv.weight [    3,     3,    16,    16] type=f16
  503: model.23.cv2.2.1.bn.weight [   16,     1,     1,     1] type=f16
  504: model.23.cv2.2.1.bn.bias [   16,     1,     1,     1] type=f16
  505: model.23.cv2.2.1.bn.running_mean [   16,     1,     1,     1] type=f16
  506: model.23.cv2.2.1.bn.running_var [   16,     1,     1,     1] type=f16
  507: model.23.cv2.2.1.bn.num_batches_tracked [    1,     1,     1,     1] type=i64
  508: model.23.cv2.2.2.weight [    1,     1,    16,     4] type=f16
  509: model.23.cv2.2.2.bias [    4,     1,     1,     1] type=f16
  510: model.23.cv3.0.0.0.conv.weight [    3,     3,     1,    64] type=f16
  511: model.23.cv3.0.0.0.bn.weight [   64,     1,     1,     1] type=f16
  512: model.23.cv3.0.0.0.bn.bias [   64,     1,     1,     1] type=f16
  513: model.23.cv3.0.0.0.bn.running_mean [   64,     1,     1,     1] type=f16
  514: model.23.cv3.0.0.0.bn.running_var [   64,     1,     1,     1] type=f16
  515: model.23.cv3.0.0.0.bn.num_batches_tracked [    1,     1,     1,     1] type=i64
  516: model.23.cv3.0.0.1.conv.weight [    1,     1,    64,    80] type=f16
  517: model.23.cv3.0.0.1.bn.weight [   80,     1,     1,     1] type=f16
  518: model.23.cv3.0.0.1.bn.bias [   80,     1,     1,     1] type=f16
  519: model.23.cv3.0.0.1.bn.running_mean [   80,     1,     1,     1] type=f16
  520: model.23.cv3.0.0.1.bn.running_var [   80,     1,     1,     1] type=f16
  521: model.23.cv3.0.0.1.bn.num_batches_tracked [    1,     1,     1,     1] type=i64
  522: model.23.cv3.0.1.0.conv.weight [    3,     3,     1,    80] type=f16
  523: model.23.cv3.0.1.0.bn.weight [   80,     1,     1,     1] type=f16
  524: model.23.cv3.0.1.0.bn.bias [   80,     1,     1,     1] type=f16
  525: model.23.cv3.0.1.0.bn.running_mean [   80,     1,     1,     1] type=f16
  526: model.23.cv3.0.1.0.bn.running_var [   80,     1,     1,     1] type=f16
  527: model.23.cv3.0.1.0.bn.num_batches_tracked [    1,     1,     1,     1] type=i64
  528: model.23.cv3.0.1.1.conv.weight [    1,     1,    80,    80] type=f16
  529: model.23.cv3.0.1.1.bn.weight [   80,     1,     1,     1] type=f16
  530: model.23.cv3.0.1.1.bn.bias [   80,     1,     1,     1] type=f16
  531: model.23.cv3.0.1.1.bn.running_mean [   80,     1,     1,     1] type=f16
  532: model.23.cv3.0.1.1.bn.running_var [   80,     1,     1,     1] type=f16
  533: model.23.cv3.0.1.1.bn.num_batches_tracked [    1,     1,     1,     1] type=i64
  534: model.23.cv3.0.2.weight [    1,     1,    80,    80] type=f16
  535: model.23.cv3.0.2.bias [   80,     1,     1,     1] type=f16
  536: model.23.cv3.1.0.0.conv.weight [    3,     3,     1,   128] type=f16
  537: model.23.cv3.1.0.0.bn.weight [  128,     1,     1,     1] type=f16
  538: model.23.cv3.1.0.0.bn.bias [  128,     1,     1,     1] type=f16
  539: model.23.cv3.1.0.0.bn.running_mean [  128,     1,     1,     1] type=f16
  540: model.23.cv3.1.0.0.bn.running_var [  128,     1,     1,     1] type=f16
  541: model.23.cv3.1.0.0.bn.num_batches_tracked [    1,     1,     1,     1] type=i64
  542: model.23.cv3.1.0.1.conv.weight [    1,     1,   128,    80] type=f16
  543: model.23.cv3.1.0.1.bn.weight [   80,     1,     1,     1] type=f16
  544: model.23.cv3.1.0.1.bn.bias [   80,     1,     1,     1] type=f16
  545: model.23.cv3.1.0.1.bn.running_mean [   80,     1,     1,     1] type=f16
  546: model.23.cv3.1.0.1.bn.running_var [   80,     1,     1,     1] type=f16
  547: model.23.cv3.1.0.1.bn.num_batches_tracked [    1,     1,     1,     1] type=i64
  548: model.23.cv3.1.1.0.conv.weight [    3,     3,     1,    80] type=f16
  549: model.23.cv3.1.1.0.bn.weight [   80,     1,     1,     1] type=f16
  550: model.23.cv3.1.1.0.bn.bias [   80,     1,     1,     1] type=f16
  551: model.23.cv3.1.1.0.bn.running_mean [   80,     1,     1,     1] type=f16
  552: model.23.cv3.1.1.0.bn.running_var [   80,     1,     1,     1] type=f16
  553: model.23.cv3.1.1.0.bn.num_batches_tracked [    1,     1,     1,     1] type=i64
  554: model.23.cv3.1.1.1.conv.weight [    1,     1,    80,    80] type=f16
  555: model.23.cv3.1.1.1.bn.weight [   80,     1,     1,     1] type=f16
  556: model.23.cv3.1.1.1.bn.bias [   80,     1,     1,     1] type=f16
  557: model.23.cv3.1.1.1.bn.running_mean [   80,     1,     1,     1] type=f16
  558: model.23.cv3.1.1.1.bn.running_var [   80,     1,     1,     1] type=f16
  559: model.23.cv3.1.1.1.bn.num_batches_tracked [    1,     1,     1,     1] type=i64
  560: model.23.cv3.1.2.weight [    1,     1,    80,    80] type=f16
  561: model.23.cv3.1.2.bias [   80,     1,     1,     1] type=f16
  562: model.23.cv3.2.0.0.conv.weight [    3,     3,     1,   256] type=f16
  563: model.23.cv3.2.0.0.bn.weight [  256,     1,     1,     1] type=f16
  564: model.23.cv3.2.0.0.bn.bias [  256,     1,     1,     1] type=f16
  565: model.23.cv3.2.0.0.bn.running_mean [  256,     1,     1,     1] type=f16
  566: model.23.cv3.2.0.0.bn.running_var [  256,     1,     1,     1] type=f16
  567: model.23.cv3.2.0.0.bn.num_batches_tracked [    1,     1,     1,     1] type=i64
  568: model.23.cv3.2.0.1.conv.weight [    1,     1,   256,    80] type=f16
  569: model.23.cv3.2.0.1.bn.weight [   80,     1,     1,     1] type=f16
  570: model.23.cv3.2.0.1.bn.bias [   80,     1,     1,     1] type=f16
  571: model.23.cv3.2.0.1.bn.running_mean [   80,     1,     1,     1] type=f16
  572: model.23.cv3.2.0.1.bn.running_var [   80,     1,     1,     1] type=f16
  573: model.23.cv3.2.0.1.bn.num_batches_tracked [    1,     1,     1,     1] type=i64
  574: model.23.cv3.2.1.0.conv.weight [    3,     3,     1,    80] type=f16
  575: model.23.cv3.2.1.0.bn.weight [   80,     1,     1,     1] type=f16
  576: model.23.cv3.2.1.0.bn.bias [   80,     1,     1,     1] type=f16
  577: model.23.cv3.2.1.0.bn.running_mean [   80,     1,     1,     1] type=f16
  578: model.23.cv3.2.1.0.bn.running_var [   80,     1,     1,     1] type=f16
  579: model.23.cv3.2.1.0.bn.num_batches_tracked [    1,     1,     1,     1] type=i64
  580: model.23.cv3.2.1.1.conv.weight [    1,     1,    80,    80] type=f16
  581: model.23.cv3.2.1.1.bn.weight [   80,     1,     1,     1] type=f16
  582: model.23.cv3.2.1.1.bn.bias [   80,     1,     1,     1] type=f16
  583: model.23.cv3.2.1.1.bn.running_mean [   80,     1,     1,     1] type=f16
  584: model.23.cv3.2.1.1.bn.running_var [   80,     1,     1,     1] type=f16
  585: model.23.cv3.2.1.1.bn.num_batches_tracked [    1,     1,     1,     1] type=i64
  586: model.23.cv3.2.2.weight [    1,     1,    80,    80] type=f16
  587: model.23.cv3.2.2.bias [   80,     1,     1,     1] type=f16
  588: model.23.one2one_cv2.0.0.conv.weight [    3,     3,    64,    16] type=f16
  589: model.23.one2one_cv2.0.0.bn.weight [   16,     1,     1,     1] type=f16
  590: model.23.one2one_cv2.0.0.bn.bias [   16,     1,     1,     1] type=f16
  591: model.23.one2one_cv2.0.0.bn.running_mean [   16,     1,     1,     1] type=f16
  592: model.23.one2one_cv2.0.0.bn.running_var [   16,     1,     1,     1] type=f16
  593: model.23.one2one_cv2.0.0.bn.num_batches_tracked [    1,     1,     1,     1] type=i64
  594: model.23.one2one_cv2.0.1.conv.weight [    3,     3,    16,    16] type=f16
  595: model.23.one2one_cv2.0.1.bn.weight [   16,     1,     1,     1] type=f16
  596: model.23.one2one_cv2.0.1.bn.bias [   16,     1,     1,     1] type=f16
  597: model.23.one2one_cv2.0.1.bn.running_mean [   16,     1,     1,     1] type=f16
  598: model.23.one2one_cv2.0.1.bn.running_var [   16,     1,     1,     1] type=f16
  599: model.23.one2one_cv2.0.1.bn.num_batches_tracked [    1,     1,     1,     1] type=i64
  600: model.23.one2one_cv2.0.2.weight [    1,     1,    16,     4] type=f16
  601: model.23.one2one_cv2.0.2.bias [    4,     1,     1,     1] type=f16
  602: model.23.one2one_cv2.1.0.conv.weight [    3,     3,   128,    16] type=f16
  603: model.23.one2one_cv2.1.0.bn.weight [   16,     1,     1,     1] type=f16
  604: model.23.one2one_cv2.1.0.bn.bias [   16,     1,     1,     1] type=f16
  605: model.23.one2one_cv2.1.0.bn.running_mean [   16,     1,     1,     1] type=f16
  606: model.23.one2one_cv2.1.0.bn.running_var [   16,     1,     1,     1] type=f16
  607: model.23.one2one_cv2.1.0.bn.num_batches_tracked [    1,     1,     1,     1] type=i64
  608: model.23.one2one_cv2.1.1.conv.weight [    3,     3,    16,    16] type=f16
  609: model.23.one2one_cv2.1.1.bn.weight [   16,     1,     1,     1] type=f16
  610: model.23.one2one_cv2.1.1.bn.bias [   16,     1,     1,     1] type=f16
  611: model.23.one2one_cv2.1.1.bn.running_mean [   16,     1,     1,     1] type=f16
  612: model.23.one2one_cv2.1.1.bn.running_var [   16,     1,     1,     1] type=f16
  613: model.23.one2one_cv2.1.1.bn.num_batches_tracked [    1,     1,     1,     1] type=i64
  614: model.23.one2one_cv2.1.2.weight [    1,     1,    16,     4] type=f16
  615: model.23.one2one_cv2.1.2.bias [    4,     1,     1,     1] type=f16
  616: model.23.one2one_cv2.2.0.conv.weight [    3,     3,   256,    16] type=f16
  617: model.23.one2one_cv2.2.0.bn.weight [   16,     1,     1,     1] type=f16
  618: model.23.one2one_cv2.2.0.bn.bias [   16,     1,     1,     1] type=f16
  619: model.23.one2one_cv2.2.0.bn.running_mean [   16,     1,     1,     1] type=f16
  620: model.23.one2one_cv2.2.0.bn.running_var [   16,     1,     1,     1] type=f16
  621: model.23.one2one_cv2.2.0.bn.num_batches_tracked [    1,     1,     1,     1] type=i64
  622: model.23.one2one_cv2.2.1.conv.weight [    3,     3,    16,    16] type=f16
  623: model.23.one2one_cv2.2.1.bn.weight [   16,     1,     1,     1] type=f16
  624: model.23.one2one_cv2.2.1.bn.bias [   16,     1,     1,     1] type=f16
  625: model.23.one2one_cv2.2.1.bn.running_mean [   16,     1,     1,     1] type=f16
  626: model.23.one2one_cv2.2.1.bn.running_var [   16,     1,     1,     1] type=f16
  627: model.23.one2one_cv2.2.1.bn.num_batches_tracked [    1,     1,     1,     1] type=i64
  628: model.23.one2one_cv2.2.2.weight [    1,     1,    16,     4] type=f16
  629: model.23.one2one_cv2.2.2.bias [    4,     1,     1,     1] type=f16
  630: model.23.one2one_cv3.0.0.0.conv.weight [    3,     3,     1,    64] type=f16
  631: model.23.one2one_cv3.0.0.0.bn.weight [   64,     1,     1,     1] type=f16
  632: model.23.one2one_cv3.0.0.0.bn.bias [   64,     1,     1,     1] type=f16
  633: model.23.one2one_cv3.0.0.0.bn.running_mean [   64,     1,     1,     1] type=f16
  634: model.23.one2one_cv3.0.0.0.bn.running_var [   64,     1,     1,     1] type=f16
  635: model.23.one2one_cv3.0.0.0.bn.num_batches_tracked [    1,     1,     1,     1] type=i64
  636: model.23.one2one_cv3.0.0.1.conv.weight [    1,     1,    64,    80] type=f16
  637: model.23.one2one_cv3.0.0.1.bn.weight [   80,     1,     1,     1] type=f16
  638: model.23.one2one_cv3.0.0.1.bn.bias [   80,     1,     1,     1] type=f16
  639: model.23.one2one_cv3.0.0.1.bn.running_mean [   80,     1,     1,     1] type=f16
  640: model.23.one2one_cv3.0.0.1.bn.running_var [   80,     1,     1,     1] type=f16
  641: model.23.one2one_cv3.0.0.1.bn.num_batches_tracked [    1,     1,     1,     1] type=i64
  642: model.23.one2one_cv3.0.1.0.conv.weight [    3,     3,     1,    80] type=f16
  643: model.23.one2one_cv3.0.1.0.bn.weight [   80,     1,     1,     1] type=f16
  644: model.23.one2one_cv3.0.1.0.bn.bias [   80,     1,     1,     1] type=f16
  645: model.23.one2one_cv3.0.1.0.bn.running_mean [   80,     1,     1,     1] type=f16
  646: model.23.one2one_cv3.0.1.0.bn.running_var [   80,     1,     1,     1] type=f16
  647: model.23.one2one_cv3.0.1.0.bn.num_batches_tracked [    1,     1,     1,     1] type=i64
  648: model.23.one2one_cv3.0.1.1.conv.weight [    1,     1,    80,    80] type=f16
  649: model.23.one2one_cv3.0.1.1.bn.weight [   80,     1,     1,     1] type=f16
  650: model.23.one2one_cv3.0.1.1.bn.bias [   80,     1,     1,     1] type=f16
  651: model.23.one2one_cv3.0.1.1.bn.running_mean [   80,     1,     1,     1] type=f16
  652: model.23.one2one_cv3.0.1.1.bn.running_var [   80,     1,     1,     1] type=f16
  653: model.23.one2one_cv3.0.1.1.bn.num_batches_tracked [    1,     1,     1,     1] type=i64
  654: model.23.one2one_cv3.0.2.weight [    1,     1,    80,    80] type=f16
  655: model.23.one2one_cv3.0.2.bias [   80,     1,     1,     1] type=f16
  656: model.23.one2one_cv3.1.0.0.conv.weight [    3,     3,     1,   128] type=f16
  657: model.23.one2one_cv3.1.0.0.bn.weight [  128,     1,     1,     1] type=f16
  658: model.23.one2one_cv3.1.0.0.bn.bias [  128,     1,     1,     1] type=f16
  659: model.23.one2one_cv3.1.0.0.bn.running_mean [  128,     1,     1,     1] type=f16
  660: model.23.one2one_cv3.1.0.0.bn.running_var [  128,     1,     1,     1] type=f16
  661: model.23.one2one_cv3.1.0.0.bn.num_batches_tracked [    1,     1,     1,     1] type=i64
  662: model.23.one2one_cv3.1.0.1.conv.weight [    1,     1,   128,    80] type=f16
  663: model.23.one2one_cv3.1.0.1.bn.weight [   80,     1,     1,     1] type=f16
  664: model.23.one2one_cv3.1.0.1.bn.bias [   80,     1,     1,     1] type=f16
  665: model.23.one2one_cv3.1.0.1.bn.running_mean [   80,     1,     1,     1] type=f16
  666: model.23.one2one_cv3.1.0.1.bn.running_var [   80,     1,     1,     1] type=f16
  667: model.23.one2one_cv3.1.0.1.bn.num_batches_tracked [    1,     1,     1,     1] type=i64
  668: model.23.one2one_cv3.1.1.0.conv.weight [    3,     3,     1,    80] type=f16
  669: model.23.one2one_cv3.1.1.0.bn.weight [   80,     1,     1,     1] type=f16
  670: model.23.one2one_cv3.1.1.0.bn.bias [   80,     1,     1,     1] type=f16
  671: model.23.one2one_cv3.1.1.0.bn.running_mean [   80,     1,     1,     1] type=f16
  672: model.23.one2one_cv3.1.1.0.bn.running_var [   80,     1,     1,     1] type=f16
  673: model.23.one2one_cv3.1.1.0.bn.num_batches_tracked [    1,     1,     1,     1] type=i64
  674: model.23.one2one_cv3.1.1.1.conv.weight [    1,     1,    80,    80] type=f16
  675: model.23.one2one_cv3.1.1.1.bn.weight [   80,     1,     1,     1] type=f16
  676: model.23.one2one_cv3.1.1.1.bn.bias [   80,     1,     1,     1] type=f16
  677: model.23.one2one_cv3.1.1.1.bn.running_mean [   80,     1,     1,     1] type=f16
  678: model.23.one2one_cv3.1.1.1.bn.running_var [   80,     1,     1,     1] type=f16
  679: model.23.one2one_cv3.1.1.1.bn.num_batches_tracked [    1,     1,     1,     1] type=i64
  680: model.23.one2one_cv3.1.2.weight [    1,     1,    80,    80] type=f16
  681: model.23.one2one_cv3.1.2.bias [   80,     1,     1,     1] type=f16
  682: model.23.one2one_cv3.2.0.0.conv.weight [    3,     3,     1,   256] type=f16
  683: model.23.one2one_cv3.2.0.0.bn.weight [  256,     1,     1,     1] type=f16
  684: model.23.one2one_cv3.2.0.0.bn.bias [  256,     1,     1,     1] type=f16
  685: model.23.one2one_cv3.2.0.0.bn.running_mean [  256,     1,     1,     1] type=f16
  686: model.23.one2one_cv3.2.0.0.bn.running_var [  256,     1,     1,     1] type=f16
  687: model.23.one2one_cv3.2.0.0.bn.num_batches_tracked [    1,     1,     1,     1] type=i64
  688: model.23.one2one_cv3.2.0.1.conv.weight [    1,     1,   256,    80] type=f16
  689: model.23.one2one_cv3.2.0.1.bn.weight [   80,     1,     1,     1] type=f16
  690: model.23.one2one_cv3.2.0.1.bn.bias [   80,     1,     1,     1] type=f16
  691: model.23.one2one_cv3.2.0.1.bn.running_mean [   80,     1,     1,     1] type=f16
  692: model.23.one2one_cv3.2.0.1.bn.running_var [   80,     1,     1,     1] type=f16
  693: model.23.one2one_cv3.2.0.1.bn.num_batches_tracked [    1,     1,     1,     1] type=i64
  694: model.23.one2one_cv3.2.1.0.conv.weight [    3,     3,     1,    80] type=f16
  695: model.23.one2one_cv3.2.1.0.bn.weight [   80,     1,     1,     1] type=f16
  696: model.23.one2one_cv3.2.1.0.bn.bias [   80,     1,     1,     1] type=f16
  697: model.23.one2one_cv3.2.1.0.bn.running_mean [   80,     1,     1,     1] type=f16
  698: model.23.one2one_cv3.2.1.0.bn.running_var [   80,     1,     1,     1] type=f16
  699: model.23.one2one_cv3.2.1.0.bn.num_batches_tracked [    1,     1,     1,     1] type=i64
  700: model.23.one2one_cv3.2.1.1.conv.weight [    1,     1,    80,    80] type=f16
  701: model.23.one2one_cv3.2.1.1.bn.weight [   80,     1,     1,     1] type=f16
  702: model.23.one2one_cv3.2.1.1.bn.bias [   80,     1,     1,     1] type=f16
  703: model.23.one2one_cv3.2.1.1.bn.running_mean [   80,     1,     1,     1] type=f16
  704: model.23.one2one_cv3.2.1.1.bn.running_var [   80,     1,     1,     1] type=f16
  705: model.23.one2one_cv3.2.1.1.bn.num_batches_tracked [    1,     1,     1,     1] type=i64
  706: model.23.one2one_cv3.2.2.weight [    1,     1,    80,    80] type=f16
  707: model.23.one2one_cv3.2.2.bias [   80,     1,     1,     1] type=f16

Model loaded and verified successfully.
